{"contracts\\EffectPrize.sol":{"l":{},"path":"C:\\Users\\srive\\Documents\\Projects\\VC\\Github\\Unity\\web3-unity-sdk-sample-game-wmtc\\SmartContracts\\Hardhat\\contracts\\EffectPrize.sol","s":{},"b":{},"f":{"1":0},"fnMap":{"1":{"name":"constructor","line":22,"loc":{"start":{"line":22,"column":4},"end":{"line":24,"column":4}}}},"statementMap":{},"branchMap":{}},"contracts\\Gold.sol":{"l":{"38":24,"40":24,"54":35,"65":21,"66":21,"68":21,"71":16,"76":5,"89":6,"91":3,"95":3,"107":19,"118":8},"path":"C:\\Users\\srive\\Documents\\Projects\\VC\\Github\\Unity\\web3-unity-sdk-sample-game-wmtc\\SmartContracts\\Hardhat\\contracts\\Gold.sol","s":{"1":24,"2":24,"3":35,"4":21,"5":21,"6":21,"7":16,"8":5,"9":5,"10":6,"11":3,"12":3,"13":3,"14":19,"15":8},"b":{"1":[16,5],"2":[5,0],"3":[3,3],"4":[3,0]},"f":{"1":24,"2":35,"3":21,"4":6,"5":19,"6":8},"fnMap":{"1":{"name":"constructor","line":36,"loc":{"start":{"line":36,"column":4},"end":{"line":44,"column":4}}},"2":{"name":"getGold","line":52,"loc":{"start":{"line":52,"column":4},"end":{"line":55,"column":4}}},"3":{"name":"setGold","line":63,"loc":{"start":{"line":63,"column":4},"end":{"line":78,"column":4}}},"4":{"name":"setGoldBy","line":87,"loc":{"start":{"line":87,"column":4},"end":{"line":97,"column":4}}},"5":{"name":"addGold","line":105,"loc":{"start":{"line":105,"column":4},"end":{"line":108,"column":4}}},"6":{"name":"removeGold","line":116,"loc":{"start":{"line":116,"column":4},"end":{"line":119,"column":4}}}},"statementMap":{"1":{"start":{"line":38,"column":8},"end":{"line":38,"column":26}},"2":{"start":{"line":40,"column":8},"end":{"line":40,"column":1246}},"3":{"start":{"line":54,"column":8},"end":{"line":54,"column":34}},"4":{"start":{"line":65,"column":8},"end":{"line":65,"column":44}},"5":{"start":{"line":66,"column":8},"end":{"line":66,"column":56}},"6":{"start":{"line":68,"column":8},"end":{"line":68,"column":2259}},"7":{"start":{"line":71,"column":12},"end":{"line":71,"column":43}},"8":{"start":{"line":73,"column":13},"end":{"line":73,"column":2415}},"9":{"start":{"line":76,"column":12},"end":{"line":76,"column":47}},"10":{"start":{"line":89,"column":8},"end":{"line":89,"column":2947}},"11":{"start":{"line":91,"column":12},"end":{"line":91,"column":50}},"12":{"start":{"line":93,"column":13},"end":{"line":93,"column":3055}},"13":{"start":{"line":95,"column":12},"end":{"line":95,"column":54}},"14":{"start":{"line":107,"column":8},"end":{"line":107,"column":28}},"15":{"start":{"line":118,"column":8},"end":{"line":118,"column":28}}},"branchMap":{"1":{"line":68,"type":"if","locations":[{"start":{"line":68,"column":8},"end":{"line":68,"column":8}},{"start":{"line":68,"column":8},"end":{"line":68,"column":8}}]},"2":{"line":73,"type":"if","locations":[{"start":{"line":73,"column":13},"end":{"line":73,"column":13}},{"start":{"line":73,"column":13},"end":{"line":73,"column":13}}]},"3":{"line":89,"type":"if","locations":[{"start":{"line":89,"column":8},"end":{"line":89,"column":8}},{"start":{"line":89,"column":8},"end":{"line":89,"column":8}}]},"4":{"line":93,"type":"if","locations":[{"start":{"line":93,"column":13},"end":{"line":93,"column":13}},{"start":{"line":93,"column":13},"end":{"line":93,"column":13}}]}}},"contracts\\Prize.sol":{"l":{"40":15,"42":15,"55":5,"56":5,"58":5,"59":5,"68":3,"77":4,"78":2},"path":"C:\\Users\\srive\\Documents\\Projects\\VC\\Github\\Unity\\web3-unity-sdk-sample-game-wmtc\\SmartContracts\\Hardhat\\contracts\\Prize.sol","s":{"1":15,"2":15,"3":5,"4":5,"5":5,"6":5,"7":3,"8":4,"9":2},"b":{},"f":{"1":15,"2":5,"3":3,"4":4},"fnMap":{"1":{"name":"constructor","line":38,"loc":{"start":{"line":38,"column":4},"end":{"line":46,"column":4}}},"2":{"name":"mintNft","line":53,"loc":{"start":{"line":53,"column":4},"end":{"line":60,"column":4}}},"3":{"name":"burnNft","line":66,"loc":{"start":{"line":66,"column":4},"end":{"line":69,"column":4}}},"4":{"name":"burnNfts","line":75,"loc":{"start":{"line":75,"column":4},"end":{"line":80,"column":4}}}},"statementMap":{"1":{"start":{"line":40,"column":8},"end":{"line":40,"column":26}},"2":{"start":{"line":42,"column":8},"end":{"line":42,"column":1296}},"3":{"start":{"line":55,"column":8},"end":{"line":55,"column":47}},"4":{"start":{"line":56,"column":8},"end":{"line":56,"column":28}},"5":{"start":{"line":58,"column":8},"end":{"line":58,"column":31}},"6":{"start":{"line":59,"column":8},"end":{"line":59,"column":40}},"7":{"start":{"line":68,"column":8},"end":{"line":68,"column":21}},"8":{"start":{"line":77,"column":8},"end":{"line":77,"column":2337}},"9":{"start":{"line":78,"column":12},"end":{"line":78,"column":32}}},"branchMap":{}},"contracts\\TheGameContract.sol":{"l":{"46":3,"47":3,"49":3,"63":39,"66":39,"75":1,"80":0,"92":6,"99":7,"105":2,"114":14,"115":14,"123":3,"126":3,"136":2,"138":2,"141":1,"143":1,"144":1,"145":1,"146":1,"148":1,"151":0,"152":0,"153":0,"158":1,"159":1,"162":1,"169":1,"172":1,"173":1,"184":3,"185":3,"187":2,"190":3,"191":3,"200":18,"206":3,"215":1,"221":3,"230":0},"path":"C:\\Users\\srive\\Documents\\Projects\\VC\\Github\\Unity\\web3-unity-sdk-sample-game-wmtc\\SmartContracts\\Hardhat\\contracts\\TheGameContract.sol","s":{"1":3,"2":3,"3":3,"4":39,"5":1,"6":0,"7":6,"8":7,"9":2,"10":14,"11":14,"12":3,"13":3,"14":2,"15":2,"16":1,"17":1,"18":1,"19":1,"20":1,"21":1,"22":0,"23":0,"24":0,"25":1,"26":1,"27":1,"28":1,"29":1,"30":1,"31":3,"32":3,"33":2,"34":3,"35":3,"36":18,"37":3,"38":1,"39":3,"40":0},"b":{"1":[39,0],"2":[2,0],"3":[1,1],"4":[0,1],"5":[1,0],"6":[2,1]},"f":{"1":3,"2":39,"3":1,"4":0,"5":6,"6":7,"7":2,"8":14,"9":3,"10":2,"11":3,"12":18,"13":3,"14":1,"15":3,"16":0},"fnMap":{"1":{"name":"constructor","line":44,"loc":{"start":{"line":44,"column":4},"end":{"line":54,"column":4}}},"2":{"name":"ensureIsRegistered","line":60,"loc":{"start":{"line":60,"column":4},"end":{"line":67,"column":4}}},"3":{"name":"getMessage","line":73,"loc":{"start":{"line":73,"column":4},"end":{"line":76,"column":4}}},"4":{"name":"getAddress","line":78,"loc":{"start":{"line":78,"column":4},"end":{"line":81,"column":4}}},"5":{"name":"getIsRegistered","line":87,"loc":{"start":{"line":87,"column":4},"end":{"line":93,"column":4}}},"6":{"name":"getGold","line":96,"loc":{"start":{"line":96,"column":4},"end":{"line":100,"column":4}}},"7":{"name":"getRewardsHistory","line":103,"loc":{"start":{"line":103,"column":4},"end":{"line":106,"column":4}}},"8":{"name":"register","line":112,"loc":{"start":{"line":112,"column":4},"end":{"line":116,"column":4}}},"9":{"name":"unregister","line":119,"loc":{"start":{"line":119,"column":4},"end":{"line":128,"column":4}}},"10":{"name":"startGameAndGiveRewards","line":134,"loc":{"start":{"line":134,"column":4},"end":{"line":175,"column":4}}},"11":{"name":"safeReregisterAndDeleteAllTreasurePrizes","line":181,"loc":{"start":{"line":181,"column":4},"end":{"line":192,"column":4}}},"12":{"name":"setGold","line":198,"loc":{"start":{"line":198,"column":4},"end":{"line":201,"column":4}}},"13":{"name":"setGoldBy","line":204,"loc":{"start":{"line":204,"column":4},"end":{"line":207,"column":4}}},"14":{"name":"addTreasurePrize","line":213,"loc":{"start":{"line":213,"column":4},"end":{"line":216,"column":4}}},"15":{"name":"deleteAllTreasurePrizes","line":219,"loc":{"start":{"line":219,"column":4},"end":{"line":222,"column":4}}},"16":{"name":"sellTreasurePrize","line":225,"loc":{"start":{"line":225,"column":4},"end":{"line":231,"column":4}}}},"statementMap":{"1":{"start":{"line":46,"column":8},"end":{"line":46,"column":49}},"2":{"start":{"line":47,"column":8},"end":{"line":47,"column":67}},"3":{"start":{"line":49,"column":8},"end":{"line":49,"column":1643}},"4":{"start":{"line":63,"column":8},"end":{"line":63,"column":64}},"5":{"start":{"line":75,"column":8},"end":{"line":75,"column":29}},"6":{"start":{"line":80,"column":8},"end":{"line":80,"column":29}},"7":{"start":{"line":92,"column":8},"end":{"line":92,"column":48}},"8":{"start":{"line":99,"column":8},"end":{"line":99,"column":64}},"9":{"start":{"line":105,"column":8},"end":{"line":105,"column":85}},"10":{"start":{"line":114,"column":8},"end":{"line":114,"column":39}},"11":{"start":{"line":115,"column":8},"end":{"line":115,"column":19}},"12":{"start":{"line":123,"column":8},"end":{"line":123,"column":17}},"13":{"start":{"line":126,"column":8},"end":{"line":126,"column":40}},"14":{"start":{"line":136,"column":8},"end":{"line":136,"column":74}},"15":{"start":{"line":138,"column":8},"end":{"line":138,"column":102}},"16":{"start":{"line":141,"column":8},"end":{"line":141,"column":34}},"17":{"start":{"line":143,"column":8},"end":{"line":143,"column":60}},"18":{"start":{"line":144,"column":8},"end":{"line":144,"column":27}},"19":{"start":{"line":145,"column":8},"end":{"line":145,"column":24}},"20":{"start":{"line":146,"column":8},"end":{"line":146,"column":32}},"21":{"start":{"line":148,"column":8},"end":{"line":148,"column":4697}},"22":{"start":{"line":151,"column":12},"end":{"line":151,"column":22}},"23":{"start":{"line":152,"column":12},"end":{"line":152,"column":34}},"24":{"start":{"line":153,"column":12},"end":{"line":153,"column":34}},"25":{"start":{"line":158,"column":12},"end":{"line":158,"column":22}},"26":{"start":{"line":159,"column":12},"end":{"line":159,"column":36}},"27":{"start":{"line":162,"column":8},"end":{"line":162,"column":5001}},"28":{"start":{"line":169,"column":8},"end":{"line":169,"column":5144}},"29":{"start":{"line":172,"column":12},"end":{"line":172,"column":98}},"30":{"start":{"line":173,"column":12},"end":{"line":173,"column":38}},"31":{"start":{"line":184,"column":8},"end":{"line":184,"column":55}},"32":{"start":{"line":185,"column":8},"end":{"line":185,"column":5821}},"33":{"start":{"line":187,"column":12},"end":{"line":187,"column":23}},"34":{"start":{"line":190,"column":8},"end":{"line":190,"column":17}},"35":{"start":{"line":191,"column":8},"end":{"line":191,"column":40}},"36":{"start":{"line":200,"column":8},"end":{"line":200,"column":68}},"37":{"start":{"line":206,"column":8},"end":{"line":206,"column":62}},"38":{"start":{"line":215,"column":8},"end":{"line":215,"column":81}},"39":{"start":{"line":221,"column":8},"end":{"line":221,"column":70}},"40":{"start":{"line":230,"column":8},"end":{"line":230,"column":68}}},"branchMap":{"1":{"line":63,"type":"if","locations":[{"start":{"line":63,"column":8},"end":{"line":63,"column":8}},{"start":{"line":63,"column":8},"end":{"line":63,"column":8}}]},"2":{"line":136,"type":"if","locations":[{"start":{"line":136,"column":8},"end":{"line":136,"column":8}},{"start":{"line":136,"column":8},"end":{"line":136,"column":8}}]},"3":{"line":138,"type":"if","locations":[{"start":{"line":138,"column":8},"end":{"line":138,"column":8}},{"start":{"line":138,"column":8},"end":{"line":138,"column":8}}]},"4":{"line":148,"type":"if","locations":[{"start":{"line":148,"column":8},"end":{"line":148,"column":8}},{"start":{"line":148,"column":8},"end":{"line":148,"column":8}}]},"5":{"line":169,"type":"if","locations":[{"start":{"line":169,"column":8},"end":{"line":169,"column":8}},{"start":{"line":169,"column":8},"end":{"line":169,"column":8}}]},"6":{"line":185,"type":"if","locations":[{"start":{"line":185,"column":8},"end":{"line":185,"column":8}},{"start":{"line":185,"column":8},"end":{"line":185,"column":8}}]}}},"contracts\\TreasurePrize.sol":{"l":{},"path":"C:\\Users\\srive\\Documents\\Projects\\VC\\Github\\Unity\\web3-unity-sdk-sample-game-wmtc\\SmartContracts\\Hardhat\\contracts\\TreasurePrize.sol","s":{},"b":{},"f":{"1":15},"fnMap":{"1":{"name":"constructor","line":22,"loc":{"start":{"line":22,"column":4},"end":{"line":24,"column":4}}}},"statementMap":{},"branchMap":{}}}