{
"contracts\\EffectPrize.sol":{"l":{},"path":"C:\\Users\\srive\\Documents\\Projects\\VC\\Github\\Unity\\web3-unity-sdk-sample-game-wmtc\\SmartContracts\\Hardhat\\contracts\\EffectPrize.sol","s":{},"b":{},"f":{"1":0},"fnMap":{"1":{"name":"constructor","line":22,"loc":{"start":{"line":22,"column":4},"end":{"line":24,"column":4}}}},"statementMap":{},"branchMap":{}},
"contracts\\Gold.sol":{"l":{"38":18,"40":18,"57":6,"71":4,"85":2},"path":"C:\\Users\\srive\\Documents\\Projects\\VC\\Github\\Unity\\web3-unity-sdk-sample-game-wmtc\\SmartContracts\\Hardhat\\contracts\\Gold.sol","s":{"1":18,"2":18,"3":6,"4":4,"5":2},"b":{},"f":{"1":18,"2":6,"3":4,"4":2},"fnMap":{"1":{"name":"constructor","line":36,"loc":{"start":{"line":36,"column":4},"end":{"line":44,"column":4}}},"2":{"name":"getGold","line":52,"loc":{"start":{"line":52,"column":4},"end":{"line":58,"column":4}}},"3":{"name":"addGold","line":66,"loc":{"start":{"line":66,"column":4},"end":{"line":72,"column":4}}},"4":{"name":"removeGold","line":80,"loc":{"start":{"line":80,"column":4},"end":{"line":86,"column":4}}}},"statementMap":{"1":{"start":{"line":38,"column":8},"end":{"line":38,"column":26}},"2":{"start":{"line":40,"column":8},"end":{"line":40,"column":1195}},"3":{"start":{"line":57,"column":8},"end":{"line":57,"column":38}},"4":{"start":{"line":71,"column":8},"end":{"line":71,"column":32}},"5":{"start":{"line":85,"column":8},"end":{"line":85,"column":32}}},"branchMap":{}},
"contracts\\Prize.sol":{"l":{"40":0,"42":0,"58":0,"59":0,"60":0,"62":0,"63":0,"75":0,"76":0},"path":"C:\\Users\\srive\\Documents\\Projects\\VC\\Github\\Unity\\web3-unity-sdk-sample-game-wmtc\\SmartContracts\\Hardhat\\contracts\\Prize.sol","s":{"1":0,"2":0,"3":0,"4":0,"5":0,"6":0,"7":0,"8":0,"9":0},"b":{},"f":{"1":0,"2":0,"3":0},"fnMap":{"1":{"name":"constructor","line":38,"loc":{"start":{"line":38,"column":4},"end":{"line":46,"column":4}}},"2":{"name":"mintPropertyNft","line":53,"loc":{"start":{"line":53,"column":4},"end":{"line":64,"column":4}}},"3":{"name":"burnPropertyNft","line":70,"loc":{"start":{"line":70,"column":4},"end":{"line":77,"column":4}}}},"statementMap":{"1":{"start":{"line":40,"column":8},"end":{"line":40,"column":26}},"2":{"start":{"line":42,"column":8},"end":{"line":42,"column":1296}},"3":{"start":{"line":58,"column":8},"end":{"line":58,"column":47}},"4":{"start":{"line":59,"column":8},"end":{"line":59,"column":35}},"5":{"start":{"line":60,"column":8},"end":{"line":60,"column":40}},"6":{"start":{"line":62,"column":8},"end":{"line":62,"column":28}},"7":{"start":{"line":63,"column":8},"end":{"line":63,"column":24}},"8":{"start":{"line":75,"column":8},"end":{"line":75,"column":21}},"9":{"start":{"line":76,"column":8},"end":{"line":76,"column":25}}},"branchMap":{}},
"contracts\\TheGameContract.sol":{"l":{"37":3,"39":3,"57":3,"71":2,"85":1},"path":"C:\\Users\\srive\\Documents\\Projects\\VC\\Github\\Unity\\web3-unity-sdk-sample-game-wmtc\\SmartContracts\\Hardhat\\contracts\\TheGameContract.sol","s":{"1":3,"2":3,"3":3,"4":2,"5":1},"b":{},"f":{"1":3,"2":3,"3":2,"4":1},"fnMap":{"1":{"name":"constructor","line":35,"loc":{"start":{"line":35,"column":4},"end":{"line":43,"column":4}}},"2":{"name":"getGold","line":52,"loc":{"start":{"line":52,"column":4},"end":{"line":58,"column":4}}},"3":{"name":"addGold","line":66,"loc":{"start":{"line":66,"column":4},"end":{"line":72,"column":4}}},"4":{"name":"removeGold","line":80,"loc":{"start":{"line":80,"column":4},"end":{"line":86,"column":4}}}},"statementMap":{"1":{"start":{"line":37,"column":8},"end":{"line":37,"column":49}},"2":{"start":{"line":39,"column":8},"end":{"line":39,"column":1148}},"3":{"start":{"line":57,"column":8},"end":{"line":57,"column":53}},"4":{"start":{"line":71,"column":8},"end":{"line":71,"column":49}},"5":{"start":{"line":85,"column":8},"end":{"line":85,"column":52}}},"branchMap":{}},
"contracts\\TreasurePrize.sol":{"l":{},"path":"C:\\Users\\srive\\Documents\\Projects\\VC\\Github\\Unity\\web3-unity-sdk-sample-game-wmtc\\SmartContracts\\Hardhat\\contracts\\TreasurePrize.sol","s":{},"b":{},"f":{"1":0},"fnMap":{"1":{"name":"constructor","line":22,"loc":{"start":{"line":22,"column":4},"end":{"line":24,"column":4}}}},"statementMap":{},"branchMap":{}}}
