{
"contracts\\EffectPrize.sol":{"l":{},"path":"C:\\Users\\srive\\Documents\\Projects\\VC\\Github\\Unity\\web3-unity-sdk-sample-game-wmtc\\SmartContracts\\Hardhat\\contracts\\EffectPrize.sol","s":{},"b":{},"f":{"1":0},"fnMap":{"1":{"name":"constructor","line":22,"loc":{"start":{"line":22,"column":4},"end":{"line":24,"column":4}}}},"statementMap":{},"branchMap":{}},
"contracts\\Gold.sol":{"l":{"38":21,"40":21,"54":41,"65":10,"66":10,"68":10,"71":6,"76":4,"78":10,"91":2,"93":1,"97":1,"99":2,"110":7,"121":5},"path":"C:\\Users\\srive\\Documents\\Projects\\VC\\Github\\Unity\\web3-unity-sdk-sample-game-wmtc\\SmartContracts\\Hardhat\\contracts\\Gold.sol","s":{"1":21,"2":21,"3":41,"4":10,"5":10,"6":10,"7":6,"8":4,"9":4,"10":10,"11":2,"12":1,"13":1,"14":1,"15":2,"16":7,"17":5},"b":{"1":[6,4],"2":[4,0],"3":[1,1],"4":[1,0]},"f":{"1":21,"2":41,"3":10,"4":2,"5":7,"6":5},"fnMap":{"1":{"name":"constructor","line":36,"loc":{"start":{"line":36,"column":4},"end":{"line":44,"column":4}}},"2":{"name":"getGold","line":52,"loc":{"start":{"line":52,"column":4},"end":{"line":55,"column":4}}},"3":{"name":"setGold","line":63,"loc":{"start":{"line":63,"column":4},"end":{"line":80,"column":4}}},"4":{"name":"setGoldBy","line":89,"loc":{"start":{"line":89,"column":4},"end":{"line":100,"column":4}}},"5":{"name":"addGold","line":108,"loc":{"start":{"line":108,"column":4},"end":{"line":111,"column":4}}},"6":{"name":"removeGold","line":119,"loc":{"start":{"line":119,"column":4},"end":{"line":122,"column":4}}}},"statementMap":{"1":{"start":{"line":38,"column":8},"end":{"line":38,"column":26}},"2":{"start":{"line":40,"column":8},"end":{"line":40,"column":1246}},"3":{"start":{"line":54,"column":8},"end":{"line":54,"column":38}},"4":{"start":{"line":65,"column":8},"end":{"line":65,"column":38}},"5":{"start":{"line":66,"column":8},"end":{"line":66,"column":56}},"6":{"start":{"line":68,"column":8},"end":{"line":68,"column":2252}},"7":{"start":{"line":71,"column":12},"end":{"line":71,"column":35}},"8":{"start":{"line":73,"column":13},"end":{"line":73,"column":2400}},"9":{"start":{"line":76,"column":12},"end":{"line":76,"column":39}},"10":{"start":{"line":78,"column":8},"end":{"line":78,"column":26}},"11":{"start":{"line":91,"column":8},"end":{"line":91,"column":3011}},"12":{"start":{"line":93,"column":12},"end":{"line":93,"column":42}},"13":{"start":{"line":95,"column":13},"end":{"line":95,"column":3111}},"14":{"start":{"line":97,"column":12},"end":{"line":97,"column":46}},"15":{"start":{"line":99,"column":8},"end":{"line":99,"column":26}},"16":{"start":{"line":110,"column":8},"end":{"line":110,"column":32}},"17":{"start":{"line":121,"column":8},"end":{"line":121,"column":32}}},"branchMap":{"1":{"line":68,"type":"if","locations":[{"start":{"line":68,"column":8},"end":{"line":68,"column":8}},{"start":{"line":68,"column":8},"end":{"line":68,"column":8}}]},"2":{"line":73,"type":"if","locations":[{"start":{"line":73,"column":13},"end":{"line":73,"column":13}},{"start":{"line":73,"column":13},"end":{"line":73,"column":13}}]},"3":{"line":91,"type":"if","locations":[{"start":{"line":91,"column":8},"end":{"line":91,"column":8}},{"start":{"line":91,"column":8},"end":{"line":91,"column":8}}]},"4":{"line":95,"type":"if","locations":[{"start":{"line":95,"column":13},"end":{"line":95,"column":13}},{"start":{"line":95,"column":13},"end":{"line":95,"column":13}}]}}},
"contracts\\Prize.sol":{"l":{"40":0,"42":0,"58":0,"59":0,"60":0,"62":0,"63":0,"75":0,"76":0},"path":"C:\\Users\\srive\\Documents\\Projects\\VC\\Github\\Unity\\web3-unity-sdk-sample-game-wmtc\\SmartContracts\\Hardhat\\contracts\\Prize.sol","s":{"1":0,"2":0,"3":0,"4":0,"5":0,"6":0,"7":0,"8":0,"9":0},"b":{},"f":{"1":0,"2":0,"3":0},"fnMap":{"1":{"name":"constructor","line":38,"loc":{"start":{"line":38,"column":4},"end":{"line":46,"column":4}}},"2":{"name":"mintPropertyNft","line":53,"loc":{"start":{"line":53,"column":4},"end":{"line":64,"column":4}}},"3":{"name":"burnPropertyNft","line":70,"loc":{"start":{"line":70,"column":4},"end":{"line":77,"column":4}}}},"statementMap":{"1":{"start":{"line":40,"column":8},"end":{"line":40,"column":26}},"2":{"start":{"line":42,"column":8},"end":{"line":42,"column":1296}},"3":{"start":{"line":58,"column":8},"end":{"line":58,"column":47}},"4":{"start":{"line":59,"column":8},"end":{"line":59,"column":35}},"5":{"start":{"line":60,"column":8},"end":{"line":60,"column":40}},"6":{"start":{"line":62,"column":8},"end":{"line":62,"column":28}},"7":{"start":{"line":63,"column":8},"end":{"line":63,"column":24}},"8":{"start":{"line":75,"column":8},"end":{"line":75,"column":21}},"9":{"start":{"line":76,"column":8},"end":{"line":76,"column":25}}},"branchMap":{}},
"contracts\\TheGameContract.sol":{"l":{"40":3,"42":3,"57":9,"63":4,"64":4,"65":4,"71":2,"72":2,"73":2,"81":12,"87":7,"88":7,"94":0,"95":0,"103":0,"109":0},"path":"C:\\Users\\srive\\Documents\\Projects\\VC\\Github\\Unity\\web3-unity-sdk-sample-game-wmtc\\SmartContracts\\Hardhat\\contracts\\TheGameContract.sol","s":{"1":3,"2":3,"3":9,"4":4,"5":4,"6":4,"7":2,"8":2,"9":2,"10":12,"11":7,"12":7,"13":0,"14":0,"15":0,"16":0},"b":{},"f":{"1":3,"2":9,"3":4,"4":2,"5":12,"6":7,"7":0,"8":0,"9":0},"fnMap":{"1":{"name":"constructor","line":38,"loc":{"start":{"line":38,"column":4},"end":{"line":46,"column":4}}},"2":{"name":"isRegistered","line":52,"loc":{"start":{"line":52,"column":4},"end":{"line":58,"column":4}}},"3":{"name":"register","line":61,"loc":{"start":{"line":61,"column":4},"end":{"line":66,"column":4}}},"4":{"name":"unregister","line":69,"loc":{"start":{"line":69,"column":4},"end":{"line":74,"column":4}}},"5":{"name":"getGold","line":79,"loc":{"start":{"line":79,"column":4},"end":{"line":82,"column":4}}},"6":{"name":"setGold","line":85,"loc":{"start":{"line":85,"column":4},"end":{"line":89,"column":4}}},"7":{"name":"setGoldBy","line":92,"loc":{"start":{"line":92,"column":4},"end":{"line":96,"column":4}}},"8":{"name":"getMessage01","line":101,"loc":{"start":{"line":101,"column":4},"end":{"line":104,"column":4}}},"9":{"name":"getMessage02","line":107,"loc":{"start":{"line":107,"column":4},"end":{"line":110,"column":4}}}},"statementMap":{"1":{"start":{"line":40,"column":8},"end":{"line":40,"column":49}},"2":{"start":{"line":42,"column":8},"end":{"line":42,"column":1250}},"3":{"start":{"line":57,"column":8},"end":{"line":57,"column":53}},"4":{"start":{"line":63,"column":8},"end":{"line":63,"column":39}},"5":{"start":{"line":64,"column":8},"end":{"line":64,"column":18}},"6":{"start":{"line":65,"column":8},"end":{"line":65,"column":42}},"7":{"start":{"line":71,"column":8},"end":{"line":71,"column":40}},"8":{"start":{"line":72,"column":8},"end":{"line":72,"column":17}},"9":{"start":{"line":73,"column":8},"end":{"line":73,"column":42}},"10":{"start":{"line":81,"column":8},"end":{"line":81,"column":53}},"11":{"start":{"line":87,"column":8},"end":{"line":87,"column":56}},"12":{"start":{"line":88,"column":8},"end":{"line":88,"column":26}},"13":{"start":{"line":94,"column":8},"end":{"line":94,"column":50}},"14":{"start":{"line":95,"column":8},"end":{"line":95,"column":26}},"15":{"start":{"line":103,"column":8},"end":{"line":103,"column":31}},"16":{"start":{"line":109,"column":8},"end":{"line":109,"column":25}}},"branchMap":{}},
"contracts\\TreasurePrize.sol":{"l":{},"path":"C:\\Users\\srive\\Documents\\Projects\\VC\\Github\\Unity\\web3-unity-sdk-sample-game-wmtc\\SmartContracts\\Hardhat\\contracts\\TreasurePrize.sol","s":{},"b":{},"f":{"1":0},"fnMap":{"1":{"name":"constructor","line":22,"loc":{"start":{"line":22,"column":4},"end":{"line":24,"column":4}}}},"statementMap":{},"branchMap":{}}}
