TN:
SF:C:\Users\srive\Documents\Projects\VC\Github\Unity\web3-unity-sdk-sample-game-wmtc\SmartContracts\Hardhat\contracts\EffectPrize.sol
FN:22,constructor
FNF:1
FNH:0
FNDA:0,constructor
LF:0
LH:0
BRF:0
BRH:0
end_of_record
TN:
SF:C:\Users\srive\Documents\Projects\VC\Github\Unity\web3-unity-sdk-sample-game-wmtc\SmartContracts\Hardhat\contracts\Gold.sol
FN:36,constructor
FN:52,getGold
FN:63,setGold
FN:87,setGoldBy
FN:105,addGold
FN:116,removeGold
FNF:6
FNH:6
FNDA:24,constructor
FNDA:35,getGold
FNDA:21,setGold
FNDA:6,setGoldBy
FNDA:19,addGold
FNDA:8,removeGold
DA:38,24
DA:40,24
DA:54,35
DA:65,21
DA:66,21
DA:68,21
DA:71,16
DA:76,5
DA:89,6
DA:91,3
DA:95,3
DA:107,19
DA:118,8
LF:13
LH:13
BRDA:68,1,0,16
BRDA:68,1,1,5
BRDA:73,2,0,5
BRDA:73,2,1,0
BRDA:89,3,0,3
BRDA:89,3,1,3
BRDA:93,4,0,3
BRDA:93,4,1,0
BRF:8
BRH:6
end_of_record
TN:
SF:C:\Users\srive\Documents\Projects\VC\Github\Unity\web3-unity-sdk-sample-game-wmtc\SmartContracts\Hardhat\contracts\Prize.sol
FN:38,constructor
FN:53,mintNft
FN:66,burnNft
FN:75,burnNfts
FNF:4
FNH:4
FNDA:15,constructor
FNDA:5,mintNft
FNDA:3,burnNft
FNDA:4,burnNfts
DA:40,15
DA:42,15
DA:55,5
DA:56,5
DA:58,5
DA:59,5
DA:68,3
DA:77,4
DA:78,2
LF:9
LH:9
BRF:0
BRH:0
end_of_record
TN:
SF:C:\Users\srive\Documents\Projects\VC\Github\Unity\web3-unity-sdk-sample-game-wmtc\SmartContracts\Hardhat\contracts\TheGameContract.sol
FN:44,constructor
FN:60,ensureIsRegistered
FN:73,getMessage
FN:78,getAddress
FN:87,getIsRegistered
FN:96,getGold
FN:103,getRewardsHistory
FN:112,register
FN:119,unregister
FN:134,startGameAndGiveRewards
FN:181,safeReregisterAndDeleteAllTreasurePrizes
FN:198,setGold
FN:204,setGoldBy
FN:213,addTreasurePrize
FN:219,deleteAllTreasurePrizes
FN:225,sellTreasurePrize
FNF:16
FNH:14
FNDA:3,constructor
FNDA:39,ensureIsRegistered
FNDA:1,getMessage
FNDA:0,getAddress
FNDA:6,getIsRegistered
FNDA:7,getGold
FNDA:2,getRewardsHistory
FNDA:14,register
FNDA:3,unregister
FNDA:2,startGameAndGiveRewards
FNDA:3,safeReregisterAndDeleteAllTreasurePrizes
FNDA:18,setGold
FNDA:3,setGoldBy
FNDA:1,addTreasurePrize
FNDA:3,deleteAllTreasurePrizes
FNDA:0,sellTreasurePrize
DA:46,3
DA:47,3
DA:49,3
DA:63,39
DA:66,39
DA:75,1
DA:80,0
DA:92,6
DA:99,7
DA:105,2
DA:114,14
DA:115,14
DA:123,3
DA:126,3
DA:136,2
DA:138,2
DA:141,1
DA:143,1
DA:144,1
DA:145,1
DA:146,1
DA:148,1
DA:151,0
DA:152,0
DA:153,0
DA:158,1
DA:159,1
DA:162,1
DA:169,1
DA:172,1
DA:173,1
DA:184,3
DA:185,3
DA:187,2
DA:190,3
DA:191,3
DA:200,18
DA:206,3
DA:215,1
DA:221,3
DA:230,0
LF:41
LH:36
BRDA:63,1,0,39
BRDA:63,1,1,0
BRDA:136,2,0,2
BRDA:136,2,1,0
BRDA:138,3,0,1
BRDA:138,3,1,1
BRDA:148,4,0,0
BRDA:148,4,1,1
BRDA:169,5,0,1
BRDA:169,5,1,0
BRDA:185,6,0,2
BRDA:185,6,1,1
BRF:12
BRH:8
end_of_record
TN:
SF:C:\Users\srive\Documents\Projects\VC\Github\Unity\web3-unity-sdk-sample-game-wmtc\SmartContracts\Hardhat\contracts\TreasurePrize.sol
FN:22,constructor
FNF:1
FNH:1
FNDA:15,constructor
LF:0
LH:0
BRF:0
BRH:0
end_of_record
