TN:
SF:C:\Users\srive\Documents\Projects\VC\Github\Unity\web3-unity-sdk-sample-game-wmtc\SmartContracts\Hardhat\contracts\EffectPrize.sol
FN:22,constructor
FNF:1
FNH:0
FNDA:0,constructor
LF:0
LH:0
BRF:0
BRH:0
end_of_record
TN:
SF:C:\Users\srive\Documents\Projects\VC\Github\Unity\web3-unity-sdk-sample-game-wmtc\SmartContracts\Hardhat\contracts\Gold.sol
FN:36,constructor
FN:52,getGold
FN:66,addGold
FN:80,removeGold
FNF:4
FNH:4
FNDA:18,constructor
FNDA:6,getGold
FNDA:4,addGold
FNDA:2,removeGold
DA:38,18
DA:40,18
DA:57,6
DA:71,4
DA:85,2
LF:5
LH:5
BRF:0
BRH:0
end_of_record
TN:
SF:C:\Users\srive\Documents\Projects\VC\Github\Unity\web3-unity-sdk-sample-game-wmtc\SmartContracts\Hardhat\contracts\Prize.sol
FN:38,constructor
FN:53,mintPropertyNft
FN:70,burnPropertyNft
FNF:3
FNH:0
FNDA:0,constructor
FNDA:0,mintPropertyNft
FNDA:0,burnPropertyNft
DA:40,0
DA:42,0
DA:58,0
DA:59,0
DA:60,0
DA:62,0
DA:63,0
DA:75,0
DA:76,0
LF:9
LH:0
BRF:0
BRH:0
end_of_record
TN:
SF:C:\Users\srive\Documents\Projects\VC\Github\Unity\web3-unity-sdk-sample-game-wmtc\SmartContracts\Hardhat\contracts\TheGameContract.sol
FN:35,constructor
FN:52,getGold
FN:66,addGold
FN:80,removeGold
FNF:4
FNH:4
FNDA:3,constructor
FNDA:3,getGold
FNDA:2,addGold
FNDA:1,removeGold
DA:37,3
DA:39,3
DA:57,3
DA:71,2
DA:85,1
LF:5
LH:5
BRF:0
BRH:0
end_of_record
TN:
SF:C:\Users\srive\Documents\Projects\VC\Github\Unity\web3-unity-sdk-sample-game-wmtc\SmartContracts\Hardhat\contracts\TreasurePrize.sol
FN:22,constructor
FNF:1
FNH:0
FNDA:0,constructor
LF:0
LH:0
BRF:0
BRH:0
end_of_record
